2026-06-29 08:18:04,272 - INFO - Limpando arquivos antigos em /home/runner/work/josieljluz.github.io.../josieljluz.github.io......
2026-06-29 08:18:04,273 - INFO - Arquivo removido: epgbrasil.m3u
2026-06-29 08:18:04,273 - INFO - Arquivo removido: playlists.m3u
2026-06-29 08:18:04,273 - INFO - Arquivo removido: playlist.m3u
2026-06-29 08:18:04,273 - INFO - Arquivo removido: pornstars.m3u
2026-06-29 08:18:04,273 - INFO - Arquivo removido: epgbrasil.xml.gz
2026-06-29 08:18:04,274 - INFO - Arquivo removido: epgportugal.m3u
2026-06-29 08:18:04,274 - INFO - Arquivo removido: epgportugal.xml.gz
2026-06-29 08:18:04,274 - INFO - Iniciando downloads...
2026-06-29 08:18:04,274 - INFO - Tentativa 1 de 3: Baixando de: http://m3u4u.com/m3u/3wk1y24kx7uzdevxygz7
2026-06-29 08:18:04,275 - INFO - Tentativa 1 de 3: Baixando de: http://m3u4u.com/m3u/782dyqdrqkh1xegen4zp
2026-06-29 08:18:04,275 - INFO - Tentativa 1 de 3: Baixando de: http://m3u4u.com/m3u/jq2zy9epr3bwxmgwyxr5
2026-06-29 08:18:04,276 - INFO - Tentativa 1 de 3: Baixando de: https://gitlab.com/josieljefferson12/playlists/-/raw/main/PiauiTV.m3u
2026-06-29 08:18:04,278 - INFO - Tentativa 1 de 3: Baixando de: https://gitlab.com/josieljefferson12/playlists/-/raw/main/m3u4u_proton.me.m3u
2026-06-29 08:18:04,475 - INFO - Download concluído: /home/runner/work/josieljluz.github.io.../josieljluz.github.io.../PiauiTV.m3u (76851 bytes)
2026-06-29 08:18:04,476 - INFO - Hash MD5 do arquivo: ed19d1bee8112f753504aab432876025
2026-06-29 08:18:04,476 - INFO - Tentativa 1 de 3: Baixando de: https://gitlab.com/josieljefferson12/playlists/-/raw/main/playlist.m3u
2026-06-29 08:18:04,494 - INFO - Download concluído: /home/runner/work/josieljluz.github.io.../josieljluz.github.io.../m3u@proton.me.m3u (4700379 bytes)
2026-06-29 08:18:04,504 - INFO - Hash MD5 do arquivo: 17e34181bba3a93ed726df4bc76b9a9c
2026-06-29 08:18:04,505 - INFO - Tentativa 1 de 3: Baixando de: https://gitlab.com/josielluz/playlists/-/raw/main/playlists.m3u
2026-06-29 08:18:04,581 - ERROR - Falha ao baixar http://m3u4u.com/m3u/782dyqdrqkh1xegen4zp. Código: 404
2026-06-29 08:18:04,581 - ERROR - Erro na tentativa 1 de 3: Falha ao baixar http://m3u4u.com/m3u/782dyqdrqkh1xegen4zp. Código: 404
2026-06-29 08:18:04,581 - INFO - Aguardando 2 segundos antes de tentar novamente...
2026-06-29 08:18:04,710 - INFO - Download concluído: /home/runner/work/josieljluz.github.io.../josieljluz.github.io.../playlists.m3u (107555 bytes)
2026-06-29 08:18:04,710 - INFO - Hash MD5 do arquivo: 3114d823758c4d5391acd0714d83bb8c
2026-06-29 08:18:04,711 - INFO - Tentativa 1 de 3: Baixando de: https://gitlab.com/josieljefferson12/playlists/-/raw/main/pornstars.m3u
2026-06-29 08:18:04,788 - INFO - Download concluído: /home/runner/work/josieljluz.github.io.../josieljluz.github.io.../playlist.m3u (8080 bytes)
2026-06-29 08:18:04,788 - INFO - Hash MD5 do arquivo: 5e4f576e8ce1ee516c916d59ed08a851
2026-06-29 08:18:04,789 - INFO - Tentativa 1 de 3: Baixando de: http://m3u4u.com/epg/3wk1y24kx7uzdevxygz7
2026-06-29 08:18:05,040 - INFO - Download concluído: /home/runner/work/josieljluz.github.io.../josieljluz.github.io.../pornstars.m3u (100426 bytes)
2026-06-29 08:18:05,041 - INFO - Hash MD5 do arquivo: ed9b31dbe857f86e7df7a0a4e4ecd448
2026-06-29 08:18:05,041 - INFO - Tentativa 1 de 3: Baixando de: http://m3u4u.com/epg/782dyqdrqkh1xegen4zp
2026-06-29 08:18:05,265 - ERROR - Falha ao baixar http://m3u4u.com/epg/782dyqdrqkh1xegen4zp. Código: 404
2026-06-29 08:18:05,265 - ERROR - Erro na tentativa 1 de 3: Falha ao baixar http://m3u4u.com/epg/782dyqdrqkh1xegen4zp. Código: 404
2026-06-29 08:18:05,265 - INFO - Aguardando 2 segundos antes de tentar novamente...
2026-06-29 08:18:05,488 - INFO - Download concluído: /home/runner/work/josieljluz.github.io.../josieljluz.github.io.../epgportugal.m3u (1972439 bytes)
2026-06-29 08:18:05,491 - INFO - Hash MD5 do arquivo: ea060b34a8722eeeaea5983a2f10b1d8
2026-06-29 08:18:05,492 - INFO - Tentativa 1 de 3: Baixando de: http://m3u4u.com/epg/jq2zy9epr3bwxmgwyxr5
2026-06-29 08:18:05,593 - INFO - Download concluído: /home/runner/work/josieljluz.github.io.../josieljluz.github.io.../epgbrasil.m3u (575422 bytes)
2026-06-29 08:18:05,594 - INFO - Hash MD5 do arquivo: f49e7db34748ac8a9807f453fc66c3cc
2026-06-29 08:18:05,820 - INFO - Download concluído: /home/runner/work/josieljluz.github.io.../josieljluz.github.io.../epgbrasil.xml.gz (60031 bytes)
2026-06-29 08:18:05,820 - INFO - Hash MD5 do arquivo: 7e2e7952f1c4ed27d376d6b4abddbea3
2026-06-29 08:18:06,490 - INFO - Download concluído: /home/runner/work/josieljluz.github.io.../josieljluz.github.io.../epgportugal.xml.gz (449467 bytes)
2026-06-29 08:18:06,491 - INFO - Hash MD5 do arquivo: 87f7b9bdbd7e1917b404b026681a5509
2026-06-29 08:18:06,583 - INFO - Tentativa 2 de 3: Baixando de: http://m3u4u.com/m3u/782dyqdrqkh1xegen4zp
2026-06-29 08:18:06,717 - ERROR - Falha ao baixar http://m3u4u.com/m3u/782dyqdrqkh1xegen4zp. Código: 404
2026-06-29 08:18:06,717 - ERROR - Erro na tentativa 2 de 3: Falha ao baixar http://m3u4u.com/m3u/782dyqdrqkh1xegen4zp. Código: 404
2026-06-29 08:18:06,717 - INFO - Aguardando 4 segundos antes de tentar novamente...
2026-06-29 08:18:07,267 - INFO - Tentativa 2 de 3: Baixando de: http://m3u4u.com/epg/782dyqdrqkh1xegen4zp
2026-06-29 08:18:07,422 - ERROR - Falha ao baixar http://m3u4u.com/epg/782dyqdrqkh1xegen4zp. Código: 404
2026-06-29 08:18:07,422 - ERROR - Erro na tentativa 2 de 3: Falha ao baixar http://m3u4u.com/epg/782dyqdrqkh1xegen4zp. Código: 404
2026-06-29 08:18:07,422 - INFO - Aguardando 4 segundos antes de tentar novamente...
2026-06-29 08:18:10,721 - INFO - Tentativa 3 de 3: Baixando de: http://m3u4u.com/m3u/782dyqdrqkh1xegen4zp
2026-06-29 08:18:10,855 - ERROR - Falha ao baixar http://m3u4u.com/m3u/782dyqdrqkh1xegen4zp. Código: 404
2026-06-29 08:18:10,855 - ERROR - Erro na tentativa 3 de 3: Falha ao baixar http://m3u4u.com/m3u/782dyqdrqkh1xegen4zp. Código: 404
2026-06-29 08:18:10,855 - ERROR - Falha após 3 tentativas: http://m3u4u.com/m3u/782dyqdrqkh1xegen4zp
2026-06-29 08:18:11,427 - INFO - Tentativa 3 de 3: Baixando de: http://m3u4u.com/epg/782dyqdrqkh1xegen4zp
2026-06-29 08:18:11,538 - ERROR - Falha ao baixar http://m3u4u.com/epg/782dyqdrqkh1xegen4zp. Código: 404
2026-06-29 08:18:11,538 - ERROR - Erro na tentativa 3 de 3: Falha ao baixar http://m3u4u.com/epg/782dyqdrqkh1xegen4zp. Código: 404
2026-06-29 08:18:11,538 - ERROR - Falha após 3 tentativas: http://m3u4u.com/epg/782dyqdrqkh1xegen4zp
2026-06-29 08:18:11,539 - INFO - Downloads concluídos. Sucessos: 9, Falhas: 2
2026-06-29 08:18:11,539 - WARNING - Atenção: 2 arquivos falharam no download
